<?xml version="1.0" encoding="UTF-8"?>
<!-- Generated by org.testng.reporters.JUnitReportReporter -->
<testsuite hostname="HGT-LAP-301" failures="0" tests="1" name="extentreports.ExtentReportsFile" time="0.127" errors="0" timestamp="2024-03-04T16:09:30 IST" skipped="0">
  <testcase classname="extentreports.ExtentReportsFile" name="extentTest" time="0.127"/>
  <system-out/>
</testsuite> <!-- extentreports.ExtentReportsFile -->
